#
# A fatal error has been detected by the Java Runtime Environment:
#
#  EXCEPTION_ACCESS_VIOLATION (0xc0000005) at pc=0x00000000580e8d85, pid=17476, tid=972
#
# JRE version: Java(TM) SE Runtime Environment (8.0_77-b03) (build 1.8.0_77-b03)
# Java VM: Java HotSpot(TM) 64-Bit Server VM (25.77-b03 mixed mode windows-amd64 compressed oops)
# Problematic frame:
# V  [jvm.dll+0x128d85]
#
# Failed to write core dump. Minidumps are not enabled by default on client versions of Windows
#
# If you would like to submit a bug report, please visit:
#   http://bugreport.java.com/bugreport/crash.jsp
#

---------------  T H R E A D  ---------------

Current thread (0x00000000191f0800):  JavaThread "JDWP Transport Listener: dt_socket" daemon [_thread_in_vm, id=972, stack(0x00000000195f0000,0x00000000196f0000)]

siginfo: ExceptionCode=0xc0000005, reading address 0xffffffffffffffff

Registers:
RAX=0x00000000196ef201, RBX=0x00000000191f0800, RCX=0x6968636e75616c2f, RDX=0x0000000000000000
RSP=0x00000000196ef1f0, RBP=0x6968636e75616c2f, RSI=0x00000000196ef308, RDI=0x0000000002f68e20
R8 =0x00000000191f0800, R9 =0x0000000000000001, R10=0x0000000000008000, R11=0x00000000196ef140
R12=0x0000000000000000, R13=0x00000000191fdab8, R14=0x0000000000000000, R15=0x0000000000000000
RIP=0x00000000580e8d85, EFLAGS=0x0000000000010202

Top of Stack: (sp=0x00000000196ef1f0)
0x00000000196ef1f0:   00000000191f0800 00000000191f0800
0x00000000196ef200:   00000000196ef2b8 00000000582ee33b
0x00000000196ef210:   00000000191f0800 000000005830ab9d
0x00000000196ef220:   0000000000000000 0000000057f59155
0x00000000196ef230:   0000000019481fc8 0000000057f6291e
0x00000000196ef240:   00000000191f0800 0000000000000000
0x00000000196ef250:   0000000000000000 0000000000000000
0x00000000196ef260:   6968636e75616c2f 0000000057f61a15
0x00000000196ef270:   00000000196ef308 00000000196ef2e0
0x00000000196ef280:   0000000000000001 0000000019481fc8
0x00000000196ef290:   6968636e75616c2f 0000000057f453b3
0x00000000196ef2a0:   00000000196ef3d0 0000000000000001
0x00000000196ef2b0:   0000000000000001 0000000019481fc8
0x00000000196ef2c0:   0000000000000001 0000000000000000
0x00000000196ef2d0:   0000000000000000 0000000000000000
0x00000000196ef2e0:   0000000000000001 0000000057f45571 

Instructions: (pc=0x00000000580e8d85)
0x00000000580e8d65:   cc cc cc cc cc cc cc cc cc cc cc 48 83 ec 28 48
0x00000000580e8d75:   85 c9 75 07 33 c0 48 83 c4 28 c3 48 89 5c 24 20
0x00000000580e8d85:   48 8b 19 48 85 db 74 20 48 83 fb 37 74 1a 48 8b
0x00000000580e8d95:   13 48 8b cb ff 52 10 84 c0 74 0d 48 8b c3 48 8b 


Register to memory mapping:

RAX=0x00000000196ef201 is pointing into the stack for thread: 0x00000000191f0800
RBX=0x00000000191f0800 is a thread
RCX=0x6968636e75616c2f is an unknown value
RDX=0x0000000000000000 is an unknown value
RSP=0x00000000196ef1f0 is pointing into the stack for thread: 0x00000000191f0800
RBP=0x6968636e75616c2f is an unknown value
RSI=0x00000000196ef308 is pointing into the stack for thread: 0x00000000191f0800
RDI=0x0000000002f68e20 is an unknown value
R8 =0x00000000191f0800 is a thread
R9 =0x0000000000000001 is an unknown value
R10=0x0000000000008000 is an unknown value
R11=0x00000000196ef140 is pointing into the stack for thread: 0x00000000191f0800
R12=0x0000000000000000 is an unknown value
R13=0x00000000191fdab8 is an unknown value
R14=0x0000000000000000 is an unknown value
R15=0x0000000000000000 is an unknown value


Stack: [0x00000000195f0000,0x00000000196f0000],  sp=0x00000000196ef1f0,  free space=1020k
Native frames: (J=compiled Java code, j=interpreted, Vv=VM code, C=native code)
V  [jvm.dll+0x128d85]
V  [jvm.dll+0x34ab9d]
C  [jdwp.dll+0x21a15]
C  [jdwp.dll+0x53b3]
C  [jdwp.dll+0x5571]
C  [jdwp.dll+0xf0a8]
C  [jdwp.dll+0x1f2d5]
C  [jdwp.dll+0x1f4aa]
V  [jvm.dll+0x1bba58]
V  [jvm.dll+0x243434]
V  [jvm.dll+0x29a27a]
C  [msvcr100.dll+0x21d9f]
C  [msvcr100.dll+0x21e3b]
C  [KERNEL32.DLL+0x17bd4]
C  [ntdll.dll+0x6ced1]


---------------  P R O C E S S  ---------------

Java Threads: ( => current thread )
  0x00000000192be000 JavaThread "Service Thread" daemon [_thread_blocked, id=19172, stack(0x0000000019bf0000,0x0000000019cf0000)]
  0x000000001928c000 JavaThread "C1 CompilerThread2" daemon [_thread_blocked, id=8020, stack(0x0000000019af0000,0x0000000019bf0000)]
  0x0000000019289000 JavaThread "C2 CompilerThread1" daemon [_thread_blocked, id=9880, stack(0x00000000199f0000,0x0000000019af0000)]
  0x0000000019288800 JavaThread "C2 CompilerThread0" daemon [_thread_blocked, id=10860, stack(0x00000000198f0000,0x00000000199f0000)]
  0x0000000019205000 JavaThread "JDWP Command Reader" daemon [_thread_in_native, id=3248, stack(0x00000000197f0000,0x00000000198f0000)]
  0x0000000019202000 JavaThread "JDWP Event Helper Thread" daemon [_thread_blocked, id=17164, stack(0x00000000196f0000,0x00000000197f0000)]
=>0x00000000191f0800 JavaThread "JDWP Transport Listener: dt_socket" daemon [_thread_in_vm, id=972, stack(0x00000000195f0000,0x00000000196f0000)]
  0x0000000017bce000 JavaThread "Attach Listener" daemon [_thread_blocked, id=13468, stack(0x00000000190f0000,0x00000000191f0000)]
  0x0000000017bcd000 JavaThread "Signal Dispatcher" daemon [_thread_blocked, id=5104, stack(0x0000000018ff0000,0x00000000190f0000)]
  0x000000000346b800 JavaThread "Finalizer" daemon [_thread_blocked, id=21392, stack(0x0000000018df0000,0x0000000018ef0000)]
  0x0000000003462800 JavaThread "Reference Handler" daemon [_thread_blocked, id=18520, stack(0x0000000018cf0000,0x0000000018df0000)]
  0x0000000002f6e800 JavaThread "main" [_thread_blocked, id=1508, stack(0x0000000003070000,0x0000000003170000)]

Other Threads:
  0x0000000017b38800 VMThread [stack: 0x0000000018bf0000,0x0000000018cf0000] [id=16320]
  0x000000001939b000 WatcherThread [stack: 0x0000000019cf0000,0x0000000019df0000] [id=15228]

VM state:not at safepoint (normal execution)

VM Mutex/Monitor currently owned by a thread: None

Heap:
 PSYoungGen      total 35840K, used 8003K [0x00000000d8400000, 0x00000000dac00000, 0x0000000100000000)
  eden space 30720K, 26% used [0x00000000d8400000,0x00000000d8bd0cc0,0x00000000da200000)
  from space 5120K, 0% used [0x00000000da700000,0x00000000da700000,0x00000000dac00000)
  to   space 5120K, 0% used [0x00000000da200000,0x00000000da200000,0x00000000da700000)
 ParOldGen       total 81920K, used 0K [0x0000000088c00000, 0x000000008dc00000, 0x00000000d8400000)
  object space 81920K, 0% used [0x0000000088c00000,0x0000000088c00000,0x000000008dc00000)
 Metaspace       used 5958K, capacity 6128K, committed 6400K, reserved 1056768K
  class space    used 631K, capacity 700K, committed 768K, reserved 1048576K

Card table byte_map: [0x0000000012830000,0x0000000012bf0000] byte_map_base: 0x00000000123ea000

Marking Bits: (ParMarkBitMap*) 0x00000000587d0600
 Begin Bits: [0x0000000013270000, 0x0000000015040000)
 End Bits:   [0x0000000015040000, 0x0000000016e10000)

Polling page: 0x00000000014e0000

CodeCache: size=245760Kb used=1718Kb max_used=1718Kb free=244041Kb
 bounds [0x0000000003470000, 0x00000000036e0000, 0x0000000012470000]
 total_blobs=633 nmethods=324 adapters=231
 compilation: enabled

Compilation events (10 events):
Event: 241.773 Thread 0x000000001928c000  320       3       org.eclipse.jdt.launching.internal.org.objectweb.asm.ClassReader::readClass (7 bytes)
Event: 241.774 Thread 0x000000001928c000 nmethod 320 0x000000000361b350 code [0x000000000361b500, 0x000000000361ba28]
Event: 241.774 Thread 0x000000001928c000  321       3       org.eclipse.jdt.launching.internal.org.objectweb.asm.ClassReader::readStringish (16 bytes)
Event: 241.776 Thread 0x000000001928c000 nmethod 321 0x000000000361be90 code [0x000000000361c020, 0x000000000361c4e8]
Event: 241.776 Thread 0x000000001928c000  322       3       org.eclipse.jdt.launching.internal.org.objectweb.asm.SymbolTable::addConstantUtf8Reference (101 bytes)
Event: 241.777 Thread 0x000000001928c000 nmethod 322 0x000000000361c850 code [0x000000000361ca40, 0x000000000361d318]
Event: 691.642 Thread 0x000000001928c000  323       1       org.eclipse.jdt.launching.internal.org.objectweb.asm.SymbolTable::get (13 bytes)
Event: 691.643 Thread 0x000000001928c000 nmethod 323 0x000000000361d750 code [0x000000000361d8a0, 0x000000000361d9f0]
Event: 691.644 Thread 0x000000001928c000  324       3       org.eclipse.jdt.launching.internal.org.objectweb.asm.SymbolTable::addConstantClass (8 bytes)
Event: 691.644 Thread 0x000000001928c000 nmethod 324 0x000000000361dad0 code [0x000000000361dc40, 0x000000000361dde8]

GC Heap History (0 events):
No events

Deoptimization events (0 events):
No events

Internal exceptions (4 events):
Event: 0.091 Thread 0x0000000002f6e800 Exception <a 'java/lang/NoSuchMethodError': Method sun.misc.Unsafe.defineClass(Ljava/lang/String;[BII)Ljava/lang/Class; name or signature does not match> (0x00000000d8407cc0) thrown at [D:\re\workspace\8-2-build-windows-amd64-cygwin\jdk8u77\6540\hotspot\sr%› ¬s·?
Event: 0.092 Thread 0x0000000002f6e800 Exception <a 'java/lang/NoSuchMethodError': Method sun.misc.Unsafe.prefetchRead(Ljava/lang/Object;J)V name or signature does not match> (0x00000000d8407fa8) thrown at [D:\re\workspace\8-2-build-windows-amd64-cygwin\jdk8u77\6540\hotspot\src\share\vm\prims\jûìÛ¤ýŠ@
Event: 6.636 Thread 0x0000000002f6e800 Exception <a 'java/lang/NoSuchFieldError': method resolution failed> (0x00000000d8afed08) thrown at [D:\re\workspace\8-2-build-windows-amd64-cygwin\jdk8u77\6540\hotspot\src\share\vm\prims\methodHandles.cpp, line 1146]
Event: 6.644 Thread 0x0000000002f6e800 Exception <a 'java/lang/NoSuchFieldError': method resolution failed> (0x00000000d8b0cb80) thrown at [D:\re\workspace\8-2-build-windows-amd64-cygwin\jdk8u77\6540\hotspot\src\share\vm\prims\methodHandles.cpp, line 1146]

Events (10 events):
Event: 527.298 Executing VM operation: ChangeBreakpoints
Event: 527.298 Executing VM operation: ChangeBreakpoints done
Event: 545.081 Executing VM operation: ChangeBreakpoints
Event: 545.082 Executing VM operation: ChangeBreakpoints done
Event: 691.362 Executing VM operation: ChangeBreakpoints
Event: 691.363 Executing VM operation: ChangeBreakpoints done
Event: 691.363 Executing VM operation: ChangeBreakpoints
Event: 691.363 Executing VM operation: ChangeBreakpoints done
Event: 691.646 Executing VM operation: RedefineClasses
Event: 691.651 Executing VM operation: RedefineClasses done


Dynamic libraries:
0x00007ff7e53d0000 - 0x00007ff7e5407000 	C:\Program Files\Java\jdk1.8.0_77\bin\javaw.exe
0x00007ffb71040000 - 0x00007ffb71230000 	C:\WINDOWS\SYSTEM32\ntdll.dll
0x00007ffb6fad0000 - 0x00007ffb6fb82000 	C:\WINDOWS\System32\KERNEL32.DLL
0x00007ffb6dfd0000 - 0x00007ffb6e273000 	C:\WINDOWS\System32\KERNELBASE.dll
0x00007ffb700d0000 - 0x00007ffb70173000 	C:\WINDOWS\System32\ADVAPI32.dll
0x00007ffb6f330000 - 0x00007ffb6f3ce000 	C:\WINDOWS\System32\msvcrt.dll
0x00007ffb6fbf0000 - 0x00007ffb6fc87000 	C:\WINDOWS\System32\sechost.dll
0x00007ffb6ffb0000 - 0x00007ffb700d0000 	C:\WINDOWS\System32\RPCRT4.dll
0x00007ffb6fe10000 - 0x00007ffb6ffa4000 	C:\WINDOWS\System32\USER32.dll
0x00007ffb6eda0000 - 0x00007ffb6edc1000 	C:\WINDOWS\System32\win32u.dll
0x00007ffb6fde0000 - 0x00007ffb6fe06000 	C:\WINDOWS\System32\GDI32.dll
0x00007ffb6ec00000 - 0x00007ffb6ed94000 	C:\WINDOWS\System32\gdi32full.dll
0x00007ffb6f050000 - 0x00007ffb6f0ee000 	C:\WINDOWS\System32\msvcp_win.dll
0x00007ffb6edd0000 - 0x00007ffb6eeca000 	C:\WINDOWS\System32\ucrtbase.dll
0x00007ffb63ec0000 - 0x00007ffb64145000 	C:\WINDOWS\WinSxS\amd64_microsoft.windows.common-controls_6595b64144ccf1df_6.0.18362.418_none_e6c6b287130d565d\COMCTL32.dll
0x00007ffb70cc0000 - 0x00007ffb70ff6000 	C:\WINDOWS\System32\combase.dll
0x00007ffb6eb10000 - 0x00007ffb6eb90000 	C:\WINDOWS\System32\bcryptPrimitives.dll
0x00007ffb70380000 - 0x00007ffb703ae000 	C:\WINDOWS\System32\IMM32.DLL
0x0000000058850000 - 0x0000000058922000 	C:\Program Files\Java\jdk1.8.0_77\jre\bin\msvcr100.dll
0x0000000057fc0000 - 0x0000000058850000 	C:\Program Files\Java\jdk1.8.0_77\jre\bin\server\jvm.dll
0x00007ffb708f0000 - 0x00007ffb708f8000 	C:\WINDOWS\System32\PSAPI.DLL
0x00007ffb6b8f0000 - 0x00007ffb6b914000 	C:\WINDOWS\SYSTEM32\WINMM.dll
0x00007ffb66f60000 - 0x00007ffb66f6a000 	C:\WINDOWS\SYSTEM32\VERSION.dll
0x00007ffb609b0000 - 0x00007ffb609b9000 	C:\WINDOWS\SYSTEM32\WSOCK32.dll
0x00007ffb6b8c0000 - 0x00007ffb6b8ed000 	C:\WINDOWS\SYSTEM32\WINMMBASE.dll
0x00007ffb6f2a0000 - 0x00007ffb6f30f000 	C:\WINDOWS\System32\WS2_32.dll
0x00007ffb6ebb0000 - 0x00007ffb6ebfa000 	C:\WINDOWS\System32\cfgmgr32.dll
0x0000000057fb0000 - 0x0000000057fbf000 	C:\Program Files\Java\jdk1.8.0_77\jre\bin\verify.dll
0x0000000057f80000 - 0x0000000057fa9000 	C:\Program Files\Java\jdk1.8.0_77\jre\bin\java.dll
0x0000000057f40000 - 0x0000000057f75000 	C:\Program Files\Java\jdk1.8.0_77\jre\bin\jdwp.dll
0x0000000057f30000 - 0x0000000057f38000 	C:\Program Files\Java\jdk1.8.0_77\jre\bin\npt.dll
0x0000000057f00000 - 0x0000000057f23000 	C:\Program Files\Java\jdk1.8.0_77\jre\bin\instrument.dll
0x0000000057ee0000 - 0x0000000057ef6000 	C:\Program Files\Java\jdk1.8.0_77\jre\bin\zip.dll
0x00007ffb6f3e0000 - 0x00007ffb6fac5000 	C:\WINDOWS\System32\SHELL32.dll
0x00007ffb70180000 - 0x00007ffb70229000 	C:\WINDOWS\System32\shcore.dll
0x00007ffb6e390000 - 0x00007ffb6eb0f000 	C:\WINDOWS\System32\windows.storage.dll
0x00007ffb6df90000 - 0x00007ffb6dfaf000 	C:\WINDOWS\System32\profapi.dll
0x00007ffb6df40000 - 0x00007ffb6df8a000 	C:\WINDOWS\System32\powrprof.dll
0x00007ffb6df10000 - 0x00007ffb6df20000 	C:\WINDOWS\System32\UMPDC.dll
0x00007ffb6f0f0000 - 0x00007ffb6f142000 	C:\WINDOWS\System32\shlwapi.dll
0x00007ffb6dfb0000 - 0x00007ffb6dfc1000 	C:\WINDOWS\System32\kernel.appcore.dll
0x00007ffb6eb90000 - 0x00007ffb6eba7000 	C:\WINDOWS\System32\cryptsp.dll
0x0000000057ed0000 - 0x0000000057ed9000 	C:\Program Files\Java\jdk1.8.0_77\jre\bin\dt_socket.dll
0x00007ffb6adb0000 - 0x00007ffb6adc6000 	C:\WINDOWS\system32\napinsp.dll
0x00007ffb69d80000 - 0x00007ffb69d9a000 	C:\WINDOWS\system32\pnrpnsp.dll
0x00007ffb6d720000 - 0x00007ffb6d787000 	C:\WINDOWS\System32\mswsock.dll
0x00007ffb6d4d0000 - 0x00007ffb6d59a000 	C:\WINDOWS\SYSTEM32\DNSAPI.dll
0x00007ffb70370000 - 0x00007ffb70378000 	C:\WINDOWS\System32\NSI.dll
0x00007ffb6d430000 - 0x00007ffb6d46a000 	C:\WINDOWS\SYSTEM32\IPHLPAPI.DLL
0x00007ffb6b4b0000 - 0x00007ffb6b4be000 	C:\WINDOWS\System32\winrnr.dll
0x00007ffb68d30000 - 0x00007ffb68d4c000 	C:\WINDOWS\system32\NLAapi.dll
0x00007ffb67560000 - 0x00007ffb67575000 	C:\WINDOWS\system32\wshbth.dll
0x00007ffb6c570000 - 0x00007ffb6c5e7000 	C:\WINDOWS\System32\fwpuclnt.dll
0x00007ffb6eed0000 - 0x00007ffb6eef6000 	C:\WINDOWS\System32\bcrypt.dll
0x00007ffb611e0000 - 0x00007ffb611ea000 	C:\Windows\System32\rasadhlp.dll
0x0000000057eb0000 - 0x0000000057eca000 	C:\Program Files\Java\jdk1.8.0_77\jre\bin\net.dll
0x0000000057e90000 - 0x0000000057ea1000 	C:\Program Files\Java\jdk1.8.0_77\jre\bin\nio.dll
0x00007ffb6c930000 - 0x00007ffb6cb24000 	C:\WINDOWS\SYSTEM32\dbghelp.dll

VM Arguments:
jvm_args: -agentlib:jdwp=transport=dt_socket,suspend=y,address=localhost:53292 -javaagent:C:\Users\Amey\eclipse\jee-2019-09\eclipse\configuration\org.eclipse.osgi\412\0\.cp\lib\javaagent-shaded.jar -Dfile.encoding=MS932 
java_command: com.cy.tester.main.LoggerDriver
java_class_path (initial): C:\Users\Amey\eclipse-workspace\CyTester\bin;C:\Users\Amey\eclipse\jee-2019-09\eclipse\configuration\org.eclipse.osgi\412\0\.cp\lib\javaagent-shaded.jar
Launcher Type: SUN_STANDARD

Environment Variables:
JAVA_HOME=C:\Program Files\Java\jdk1.8.0_77
PATH=C:\Program Files\Java\jdk1.8.0_77\jre\bin;C:/Program Files/Java/jre1.8.0_77/bin/server;C:/Program Files/Java/jre1.8.0_77/bin;C:/Program Files/Java/jre1.8.0_77/lib/amd64;C:\Users\Amey\AppData\Local\Microsoft\Edge SxS\Application;C:\Users\Amey\AppData\Local\Microsoft\WindowsApps;C:\Users\Amey\AppData\Roaming\npm;C:\Program Files\Microsoft VS Code\bin;C:\Program Files\Java\jre1.8.0_77\bin\;C:\Program Files\Git\cmd;C:\Program Files (x86)\AMD\ATI.ACE\Core-Static;C:\WINDOWS\system32;C:\WINDOWS;C:\WINDOWS\System32\Wbem;C:\WINDOWS\System32\WindowsPowerShell\v1.0\;C:\WINDOWS\System32\OpenSSH\;C:\Users\Amey\emsdk\emscripten\1.38.21;C:\Program Files\nodejs\;";C:\Users\Amey\AppData\Local\Programs\Python\Python36-32\Scripts\";C:\Program Files\Java\jdk1.8.0_77\bin;C:\Users\Amey\AppData\Local\Programs\Python\Python36-32\;C:\Users\Amey\AppData\Local\Microsoft\WindowsApps;C:\Program Files\Microsoft VS Code\bin;C:\apache-maven-3.5.3\bin;C:\Users\Amey\AppData\Roaming\npm;C:\Program Files\nodejs;;C:\Users\Amey\Downloads;
USERNAME=Amey
OS=Windows_NT
PROCESSOR_IDENTIFIER=AMD64 Family 21 Model 96 Stepping 1, AuthenticAMD



---------------  S Y S T E M  ---------------

OS: Windows 10.0 , 64 bit Build 18362 (10.0.18362.329)

CPU:total 4 (4 cores per cpu, 1 threads per core) family 21 model 96 stepping 1, cmov, cx8, fxsr, mmx, sse, sse2, sse3, ssse3, sse4.1, sse4.2, popcnt, avx, avx2, aes, clmul, mmxext, 3dnowpref, lzcnt, sse4a, tsc, tscinvbit, tscinv, bmi1

Memory: 4k page, physical 7811324k(2139820k free), swap 15675644k(4389432k free)

vm_info: Java HotSpot(TM) 64-Bit Server VM (25.77-b03) for windows-amd64 JRE (1.8.0_77-b03), built on Mar 20 2016 22:01:33 by "java_re" with MS VC++ 10.0 (VS2010)

time: Tue Nov 05 12:08:27 2019
elapsed time: 691 seconds (0d 0h 11m 31s)

